2018-02-09 10:24:04,921 INFO o.a.j.u.JMeterUtils: Setting Locale to en_US
2018-02-09 10:24:04,937 INFO o.a.j.JMeter: Loading user properties from: user.properties
2018-02-09 10:24:04,937 INFO o.a.j.JMeter: Loading system properties from: system.properties
2018-02-09 10:24:04,937 INFO o.a.j.JMeter: Copyright (c) 1998-2017 The Apache Software Foundation
2018-02-09 10:24:04,937 INFO o.a.j.JMeter: Version 3.3 r1808647
2018-02-09 10:24:04,937 INFO o.a.j.JMeter: java.version=1.8.0_151
2018-02-09 10:24:04,937 INFO o.a.j.JMeter: java.vm.name=Java HotSpot(TM) Client VM
2018-02-09 10:24:04,937 INFO o.a.j.JMeter: os.name=Windows 10
2018-02-09 10:24:04,937 INFO o.a.j.JMeter: os.arch=x86
2018-02-09 10:24:04,937 INFO o.a.j.JMeter: os.version=10.0
2018-02-09 10:24:04,937 INFO o.a.j.JMeter: file.encoding=Cp1252
2018-02-09 10:24:04,937 INFO o.a.j.JMeter: Max memory     =259522560
2018-02-09 10:24:04,937 INFO o.a.j.JMeter: Available Processors =4
2018-02-09 10:24:04,937 INFO o.a.j.JMeter: Default Locale=English (United States)
2018-02-09 10:24:04,937 INFO o.a.j.JMeter: JMeter  Locale=English (United States)
2018-02-09 10:24:04,937 INFO o.a.j.JMeter: JMeterHome=C:\Users\anhdang\Downloads\apache-jmeter-3.3
2018-02-09 10:24:04,937 INFO o.a.j.JMeter: user.dir  =C:\Users\anhdang\Downloads\apache-jmeter-3.3\bin
2018-02-09 10:24:04,937 INFO o.a.j.JMeter: PWD       =C:\Users\anhdang\Downloads\apache-jmeter-3.3\bin
2018-02-09 10:24:09,522 INFO o.a.j.JMeter: IP: 192.168.99.1 Name: AnhDang FullName: AnhDang
2018-02-09 10:24:09,768 INFO o.a.j.g.a.LookAndFeelCommand: Using look and feel: javax.swing.plaf.metal.MetalLookAndFeel [Metal, CrossPlatform]
2018-02-09 10:24:09,768 INFO o.a.j.JMeter: Loaded icon properties from org/apache/jmeter/images/icon.properties
2018-02-09 10:24:10,228 INFO o.a.j.e.u.CompoundVariable: Note: Function class names must contain the string: '.functions.'
2018-02-09 10:24:10,228 INFO o.a.j.e.u.CompoundVariable: Note: Function class names must not contain the string: '.gui.'
2018-02-09 10:24:12,209 INFO o.a.j.g.u.MenuFactory: Skipping org.apache.jmeter.assertions.BSFAssertion
2018-02-09 10:24:12,447 INFO o.a.j.g.u.MenuFactory: Skipping org.apache.jmeter.extractor.BSFPostProcessor
2018-02-09 10:24:12,478 INFO o.a.j.g.u.MenuFactory: Skipping org.apache.jmeter.modifiers.BSFPreProcessor
2018-02-09 10:24:12,493 INFO o.a.j.p.h.s.HTTPSamplerBase: Parser for text/html is org.apache.jmeter.protocol.http.parser.LagartoBasedHtmlParser
2018-02-09 10:24:12,493 INFO o.a.j.p.h.s.HTTPSamplerBase: Parser for application/xhtml+xml is org.apache.jmeter.protocol.http.parser.LagartoBasedHtmlParser
2018-02-09 10:24:12,493 INFO o.a.j.p.h.s.HTTPSamplerBase: Parser for application/xml is org.apache.jmeter.protocol.http.parser.LagartoBasedHtmlParser
2018-02-09 10:24:12,493 INFO o.a.j.p.h.s.HTTPSamplerBase: Parser for text/xml is org.apache.jmeter.protocol.http.parser.LagartoBasedHtmlParser
2018-02-09 10:24:12,493 INFO o.a.j.p.h.s.HTTPSamplerBase: Parser for text/vnd.wap.wml is org.apache.jmeter.protocol.http.parser.RegexpHTMLParser
2018-02-09 10:24:12,493 INFO o.a.j.p.h.s.HTTPSamplerBase: Parser for text/css is org.apache.jmeter.protocol.http.parser.CssParser
2018-02-09 10:24:12,946 INFO o.a.j.e.KeyToolUtils: keytool found at 'keytool'
2018-02-09 10:24:12,946 INFO o.a.j.p.h.p.ProxyControl: HTTP(S) Test Script Recorder SSL Proxy will use keys that support embedded 3rd party resources in file C:\Users\anhdang\Downloads\apache-jmeter-3.3\bin\proxyserver.jks
2018-02-09 10:24:13,062 INFO o.a.j.g.u.MenuFactory: Skipping org.apache.jmeter.protocol.java.sampler.BSFSampler
2018-02-09 10:24:13,131 INFO o.a.j.s.FileServer: Default base='C:\Users\anhdang\Downloads\apache-jmeter-3.3\bin'
2018-02-09 10:24:13,215 INFO o.a.j.g.u.MenuFactory: Skipping org.apache.jmeter.protocol.mongodb.config.MongoSourceElement
2018-02-09 10:24:13,215 INFO o.a.j.g.u.MenuFactory: Skipping org.apache.jmeter.protocol.mongodb.sampler.MongoScriptSampler
2018-02-09 10:24:13,709 INFO o.a.j.g.u.MenuFactory: Skipping org.apache.jmeter.timers.BSFTimer
2018-02-09 10:24:13,730 INFO o.a.j.g.u.MenuFactory: Skipping org.apache.jmeter.visualizers.BSFListener
2018-02-09 10:24:13,809 INFO o.a.j.s.SampleResult: Note: Sample TimeStamps are START times
2018-02-09 10:24:13,809 INFO o.a.j.s.SampleResult: sampleresult.default.encoding is set to ISO-8859-1
2018-02-09 10:24:13,809 INFO o.a.j.s.SampleResult: sampleresult.useNanoTime=true
2018-02-09 10:24:13,809 INFO o.a.j.s.SampleResult: sampleresult.nanoThreadSleep=5000
2018-02-09 10:24:15,633 INFO o.j.r.PluginManager: Plugins Status: [jpgc-plugins-manager=0.19, jmeter-core=3.3, jmeter-ftp=3.3, jmeter-http=3.3, jmeter-jdbc=3.3, jmeter-jms=3.3, jmeter-junit=3.3, jmeter-java=3.3, jmeter-ldap=3.3, jmeter-mail=3.3, jmeter-mongodb=3.3, jmeter-native=3.3, jmeter-tcp=3.3, jmeter-components=3.3]
2018-02-09 10:25:20,493 INFO o.a.j.g.a.Load: Loading file: C:\Users\anhdang\Downloads\apache-jmeter-3.3\bin\ProjectFocus.jmx
2018-02-09 10:25:20,493 INFO o.a.j.s.FileServer: Set new base='C:\Users\anhdang\Downloads\apache-jmeter-3.3\bin'
2018-02-09 10:25:20,794 INFO o.a.j.s.SaveService: Testplan (JMX) version: 2.2. Testlog (JTL) version: 2.2
2018-02-09 10:25:20,825 INFO o.a.j.s.SaveService: Using SaveService properties file encoding UTF-8
2018-02-09 10:25:20,825 INFO o.a.j.s.SaveService: Using SaveService properties version 3.2
2018-02-09 10:25:20,825 INFO o.a.j.s.SaveService: Loading file: C:\Users\anhdang\Downloads\apache-jmeter-3.3\bin\ProjectFocus.jmx
2018-02-09 10:25:21,141 INFO o.a.j.p.h.c.CookieManager: Settings: Delete null: true Check: true Allow variable: true Save: false Prefix: COOKIE_
2018-02-09 10:25:21,478 INFO o.a.j.s.FileServer: Set new base='C:\Users\anhdang\Downloads\apache-jmeter-3.3\bin'
